<?xml version="1.0" encoding="UTF-8"?>
<!-- Generated by org.testng.reporters.JUnitXMLReporter -->
<testsuite hostname="DDC5-DX-FTYX3Z2" name="Default test" tests="6" failures="0" timestamp="5 Aug 2020 05:15:31 GMT" time="63.992" errors="0">
  <testcase name="createRepositoryTest" time="9.194" classname="com.github.qa.testcases.CreateRepoTest"/>
  <testcase name="createIssue" time="12.387" classname="com.github.qa.testcases.CreateRepoTest"/>
  <testcase name="createIssue" time="12.714" classname="com.github.qa.testcases.CreateRepoTest"/>
  <testcase name="addCommentToIssue" time="4.124" classname="com.github.qa.testcases.CreateRepoTest"/>
  <testcase name="mentionIssueInCommentAndNavigateToIt" time="4.452" classname="com.github.qa.testcases.CreateRepoTest"/>
  <testcase name="deleteRepoTest" time="3.453" classname="com.github.qa.testcases.CreateRepoTest"/>
</testsuite> <!-- Default test -->
