<?xml version="1.0" encoding="UTF-8" ?>
<testsuite tests="2" failures="1" name="com.crm.qa.testcases.LoginTest" time="21.217" errors="0" skipped="1">
  <properties>
[...]
</properties>
  <testcase classname="com.crm.qa.testcases.LoginTest" name="setUp" time="21.217">
    <failure message="Timed out waiting for driver server to start.
Build info: version: &apos;3.5.3&apos;, revision: &apos;a88d25fe6b&apos;, time: &apos;2017-08-29T12:42:44.417Z&apos;
System info: host: &apos;DDC5-DX-FTYX3Z2&apos;, ip: &apos;192.168.1.69&apos;, os.name: &apos;Windows 10&apos;, os.arch: &apos;amd64&apos;, os.version: &apos;10.0&apos;, java.version: &apos;1.8.0_251&apos;
Driver info: driver.version: ChromeDriver" type="org.openqa.selenium.WebDriverException">org.openqa.selenium.WebDriverException: Timed out waiting for driver server to start.
Build info: version: &apos;3.5.3&apos;, revision: &apos;a88d25fe6b&apos;, time: &apos;2017-08-29T12:42:44.417Z&apos;
System info: host: &apos;DDC5-DX-FTYX3Z2&apos;, ip: &apos;192.168.1.69&apos;, os.name: &apos;Windows 10&apos;, os.arch: &apos;amd64&apos;, os.version: &apos;10.0&apos;, java.version: &apos;1.8.0_251&apos;
Driver info: driver.version: ChromeDriver
	at org.openqa.selenium.remote.service.DriverService.waitUntilAvailable(DriverService.java:192)
	at org.openqa.selenium.remote.service.DriverService.start(DriverService.java:178)
	at org.openqa.selenium.remote.service.DriverCommandExecutor.execute(DriverCommandExecutor.java:78)
	at org.openqa.selenium.remote.RemoteWebDriver.execute(RemoteWebDriver.java:646)
	at org.openqa.selenium.remote.RemoteWebDriver.startSession(RemoteWebDriver.java:255)
	at org.openqa.selenium.remote.RemoteWebDriver.startSession(RemoteWebDriver.java:237)
	at org.openqa.selenium.remote.RemoteWebDriver.&lt;init&gt;(RemoteWebDriver.java:138)
	at org.openqa.selenium.chrome.ChromeDriver.&lt;init&gt;(ChromeDriver.java:178)
	at org.openqa.selenium.chrome.ChromeDriver.&lt;init&gt;(ChromeDriver.java:167)
	at org.openqa.selenium.chrome.ChromeDriver.&lt;init&gt;(ChromeDriver.java:124)
	at com.crm.qa.base.TestBase.inisialize(TestBase.java:41)
	at com.crm.qa.testcases.LoginTest.setUp(LoginTest.java:23)
Caused by: org.openqa.selenium.net.UrlChecker$TimeoutException: Timed out waiting for [http://localhost:8722/status] to be available after 20003 ms
	at org.openqa.selenium.net.UrlChecker.waitUntilAvailable(UrlChecker.java:102)
	at org.openqa.selenium.remote.service.DriverService.waitUntilAvailable(DriverService.java:187)
	... 42 more
Caused by: java.util.concurrent.TimeoutException
	at java.util.concurrent.FutureTask.get(FutureTask.java:205)
	at com.google.common.util.concurrent.SimpleTimeLimiter.callWithTimeout(SimpleTimeLimiter.java:147)
	at org.openqa.selenium.net.UrlChecker.waitUntilAvailable(UrlChecker.java:77)
	... 43 more
</failure>
    <system-out>Configuring TestNG with: org.apache.maven.surefire.testng.conf.TestNG652Configurator@12bb4df8
</system-out>
  </testcase>
  <testcase classname="com.crm.qa.testcases.LoginTest" name="LoginPageTest" time="0">
    <skipped/>
  </testcase>
</testsuite>